2019-11-09 23:20:22,326 INFO o.a.j.u.JMeterUtils: Setting Locale to en_EN
2019-11-09 23:20:22,352 INFO o.a.j.JMeter: Loading user properties from: C:\Users\jbrot\.bzt\jmeter-taurus\5.1.1\bin\user.properties
2019-11-09 23:20:22,353 INFO o.a.j.JMeter: Loading system properties from: C:\Users\jbrot\.bzt\jmeter-taurus\5.1.1\bin\system.properties
2019-11-09 23:20:22,353 INFO o.a.j.JMeter: Loading additional properties from: C:\Users\jbrot\Documents\pocTesting\2019-11-09_23-19-30.472943\jmeter-bzt.properties
2019-11-09 23:20:22,360 INFO o.a.j.JMeter: Setting System properties from file: C:\Users\jbrot\Documents\pocTesting\2019-11-09_23-19-30.472943\system.properties
2019-11-09 23:20:22,370 INFO o.a.j.JMeter: Copyright (c) 1998-2019 The Apache Software Foundation
2019-11-09 23:20:22,372 INFO o.a.j.JMeter: Version 5.1.1 r1855137
2019-11-09 23:20:22,372 INFO o.a.j.JMeter: java.version=1.8.0_231
2019-11-09 23:20:22,372 INFO o.a.j.JMeter: java.vm.name=Java HotSpot(TM) 64-Bit Server VM
2019-11-09 23:20:22,372 INFO o.a.j.JMeter: os.name=Windows 10
2019-11-09 23:20:22,372 INFO o.a.j.JMeter: os.arch=amd64
2019-11-09 23:20:22,372 INFO o.a.j.JMeter: os.version=10.0
2019-11-09 23:20:22,372 INFO o.a.j.JMeter: file.encoding=Cp1252
2019-11-09 23:20:22,372 INFO o.a.j.JMeter: java.awt.headless=true
2019-11-09 23:20:22,372 INFO o.a.j.JMeter: Max memory     =1073741824
2019-11-09 23:20:22,372 INFO o.a.j.JMeter: Available Processors =8
2019-11-09 23:20:22,376 INFO o.a.j.JMeter: Default Locale=English (EN)
2019-11-09 23:20:22,376 INFO o.a.j.JMeter: JMeter  Locale=English (EN)
2019-11-09 23:20:22,377 INFO o.a.j.JMeter: JMeterHome=C:\Users\jbrot\.bzt\jmeter-taurus\5.1.1
2019-11-09 23:20:22,377 INFO o.a.j.JMeter: user.dir  =C:\Users\jbrot\Documents\pocTesting
2019-11-09 23:20:22,377 INFO o.a.j.JMeter: PWD       =C:\Users\jbrot\Documents\pocTesting
2019-11-09 23:20:26,891 INFO o.a.j.JMeter: IP: 10.0.75.1 Name: DESKTOP-0EKCQSS FullName: DESKTOP-0EKCQSS
2019-11-09 23:20:26,891 INFO o.a.j.JMeter: user.classpath=C:/Users/jbrot/Documents/pocTesting/2019-11-09_23-19-30.472943;C:/Users/jbrot/Documents/pocTesting/2019-11-09_23-19-30.472943
2019-11-09 23:20:26,891 INFO o.a.j.JMeter: Adding to classpath and loader: C:/Users/jbrot/Documents/pocTesting/2019-11-09_23-19-30.472943
2019-11-09 23:20:26,892 INFO o.a.j.JMeter: Adding to classpath and loader: C:/Users/jbrot/Documents/pocTesting/2019-11-09_23-19-30.472943
2019-11-09 23:20:26,898 INFO o.a.j.s.FileServer: Default base='C:\Users\jbrot\Documents\pocTesting'
2019-11-09 23:20:26,903 INFO o.a.j.s.FileServer: Set new base='C:\Users\jbrot\Documents\pocTesting\2019-11-09_23-19-30.472943'
2019-11-09 23:20:27,058 INFO o.a.j.s.SaveService: Testplan (JMX) version: 2.2. Testlog (JTL) version: 2.2
2019-11-09 23:20:27,071 INFO o.a.j.s.SaveService: Using SaveService properties file encoding UTF-8
2019-11-09 23:20:27,076 INFO o.a.j.s.SaveService: Using SaveService properties version 5.0
2019-11-09 23:20:27,082 INFO o.a.j.s.SaveService: Loading file: C:\Users\jbrot\Documents\pocTesting\2019-11-09_23-19-30.472943\modified_requests.jmx
2019-11-09 23:20:27,137 INFO o.a.j.p.h.c.CacheManager: Will only cache the following methods: [GET]
2019-11-09 23:20:27,139 INFO o.a.j.p.h.c.CookieManager: Settings: Delete null: true Check: true Allow variable: true Save: false Prefix: COOKIE_
2019-11-09 23:20:27,154 INFO o.a.j.p.h.s.HTTPSamplerBase: Parser for text/html is org.apache.jmeter.protocol.http.parser.LagartoBasedHtmlParser
2019-11-09 23:20:27,154 INFO o.a.j.p.h.s.HTTPSamplerBase: Parser for application/xhtml+xml is org.apache.jmeter.protocol.http.parser.LagartoBasedHtmlParser
2019-11-09 23:20:27,154 INFO o.a.j.p.h.s.HTTPSamplerBase: Parser for application/xml is org.apache.jmeter.protocol.http.parser.LagartoBasedHtmlParser
2019-11-09 23:20:27,154 INFO o.a.j.p.h.s.HTTPSamplerBase: Parser for text/xml is org.apache.jmeter.protocol.http.parser.LagartoBasedHtmlParser
2019-11-09 23:20:27,154 INFO o.a.j.p.h.s.HTTPSamplerBase: Parser for text/vnd.wap.wml is org.apache.jmeter.protocol.http.parser.RegexpHTMLParser
2019-11-09 23:20:27,154 INFO o.a.j.p.h.s.HTTPSamplerBase: Parser for text/css is org.apache.jmeter.protocol.http.parser.CssParser
2019-11-09 23:20:27,186 INFO o.a.j.e.StandardJMeterEngine: Running the test!
2019-11-09 23:20:27,187 INFO o.a.j.s.SampleEvent: List of sample_variables: []
2019-11-09 23:20:27,187 INFO o.a.j.s.SampleEvent: List of sample_variables: []
2019-11-09 23:20:27,195 INFO o.a.j.e.u.CompoundVariable: Note: Function class names must contain the string: '.functions.'
2019-11-09 23:20:27,195 INFO o.a.j.e.u.CompoundVariable: Note: Function class names must not contain the string: '.gui.'
2019-11-09 23:20:27,649 INFO o.a.j.JMeter: Running test (1573338027649)
2019-11-09 23:20:27,686 INFO o.a.j.e.StandardJMeterEngine: Starting ThreadGroup: 1 : Demo
2019-11-09 23:20:27,686 INFO o.a.j.e.StandardJMeterEngine: Starting 1 threads for group Demo.
2019-11-09 23:20:27,686 INFO o.a.j.e.StandardJMeterEngine: Thread will continue on error
2019-11-09 23:20:27,689 INFO o.a.j.e.StandardJMeterEngine: All thread groups have been started
2019-11-09 23:20:27,690 INFO c.b.j.t.c.ConcurrencyThreadStarter: Start supplying threads
2019-11-09 23:20:57,705 INFO o.a.j.s.SampleResult: Note: Sample TimeStamps are START times
2019-11-09 23:20:57,706 INFO o.a.j.s.SampleResult: sampleresult.default.encoding is set to UTF-8
2019-11-09 23:20:57,706 INFO o.a.j.s.SampleResult: sampleresult.useNanoTime=true
2019-11-09 23:20:57,707 INFO o.a.j.s.SampleResult: sampleresult.nanoThreadSleep=5000
2019-11-09 23:20:57,707 INFO o.a.j.t.JMeterThread: Thread started: Demo-ThreadStarter 1-1
2019-11-09 23:20:57,725 INFO o.a.j.p.h.s.HTTPHCAbstractImpl: Local host = DESKTOP-0EKCQSS
2019-11-09 23:20:57,731 INFO o.a.j.p.h.s.HTTPHC4Impl: HTTP request retry count = 0
2019-11-09 23:20:58,115 INFO o.a.j.p.h.p.BaseParser: Created org.apache.jmeter.protocol.http.parser.LagartoBasedHtmlParser
2019-11-09 23:20:58,153 INFO o.a.j.p.h.s.ResourcesDownloader: Creating ResourcesDownloader with keepalive_inseconds : 60
2019-11-09 23:20:58,320 INFO o.a.j.p.h.p.BaseParser: Created org.apache.jmeter.protocol.http.parser.CssParser
2019-11-09 23:20:58,763 INFO o.a.j.u.JsseSSLManager: Using default SSL protocol: TLS
2019-11-09 23:20:58,763 INFO o.a.j.u.JsseSSLManager: SSL session context: per-thread
2019-11-09 23:22:27,751 INFO c.b.j.t.c.ConcurrencyThreadStarter: Done supplying threads
2019-11-09 23:22:27,779 INFO o.a.j.t.JMeterThread: Thread is done: Demo-ThreadStarter 1-1
2019-11-09 23:22:27,779 INFO o.a.j.t.JMeterThread: Thread finished: Demo-ThreadStarter 1-1
2019-11-09 23:22:27,780 INFO o.a.j.e.StandardJMeterEngine: Notifying test listeners of end of test
2019-11-09 23:22:27,791 INFO o.a.j.e.StandardJMeterEngine: Forced JVM shutdown requested at end of test
