[2019-11-09 23:18:41,644 INFO root] Taurus CLI Tool v1.13.9
[2019-11-09 23:18:41,646 DEBUG root] Command-line options: {'log': 'C:\\Users\\jbrot\\AppData\\Local\\Temp\\bzt_1h6sc7h_.log', 'option': None, 'quiet': None, 'verbose': None, 'no_system_configs': None, 'aliases': []}
[2019-11-09 23:18:41,646 DEBUG root] Python: CPython 3.6.5
[2019-11-09 23:18:41,646 DEBUG root] Rev: 43411c567cb83f1bf7e2da4690a98d46018389da; OS: uname_result(system='Windows', node='DESKTOP-0EKCQSS', release='10', version='10.0.17763', machine='AMD64', processor='Intel64 Family 6 Model 94 Stepping 3, GenuineIntel')
[2019-11-09 23:18:41,648 INFO root] Starting with configs: ['Taurus_Example']
[2019-11-09 23:18:41,649 DEBUG root] Adding personal config: C:\Users\jbrot\.bzt-rc
[2019-11-09 23:18:41,649 INFO root] No personal config found, creating one at C:\Users\jbrot\.bzt-rc
[2019-11-09 23:18:41,658 INFO Engine] Configuring...
[2019-11-09 23:18:41,686 DEBUG Engine] Base configs list: ['C:\\Users\\jbrot\\AppData\\Local\\Taurus\\pkgs\\bzt\\resources/10-base-config.yml']
[2019-11-09 23:18:41,686 DEBUG Engine.Configuration] Configs: ['C:\\Users\\jbrot\\AppData\\Local\\Taurus\\pkgs\\bzt\\resources/10-base-config.yml']
[2019-11-09 23:18:41,694 DEBUG Engine.Configuration] Reading C:\Users\jbrot\AppData\Local\Taurus\pkgs\bzt\resources/10-base-config.yml as YAML
[2019-11-09 23:18:41,714 DEBUG Engine] User configs list: ['C:\\Users\\jbrot\\.bzt-rc', 'Taurus_Example']
[2019-11-09 23:18:41,715 DEBUG Engine.Configuration] Configs: ['C:\\Users\\jbrot\\.bzt-rc', 'Taurus_Example']
[2019-11-09 23:18:41,716 DEBUG Engine.Configuration] Reading C:\Users\jbrot\.bzt-rc as YAML
[2019-11-09 23:18:41,719 DEBUG Engine.Configuration] Reading Taurus_Example as YAML
[2019-11-09 23:18:41,721 DEBUG Engine.Configuration] Configs: ['C:\\Users\\jbrot\\.bzt-rc', 'Taurus_Example']
[2019-11-09 23:18:41,721 DEBUG Engine.Configuration] Reading C:\Users\jbrot\.bzt-rc as YAML
[2019-11-09 23:18:41,725 DEBUG Engine.Configuration] Reading Taurus_Example as YAML
[2019-11-09 23:18:41,727 DEBUG Engine] Requesting updates info: https://gettaurus.org/updates/?version=1.13.9&installID=windows-94659cd54aed
[2019-11-09 23:18:41,728 DEBUG HTTPClient] Making HTTP request GET https://gettaurus.org/updates/?version=1.13.9&installID=windows-94659cd54aed
[2019-11-09 23:18:41,728 INFO Engine] Artifacts dir: C:\Users\jbrot\Documents\pocTesting\2019-11-09_23-18-41.728457
[2019-11-09 23:18:41,731 DEBUG urllib3.connectionpool] Starting new HTTPS connection (1): gettaurus.org:443
[2019-11-09 23:18:41,732 DEBUG Engine] New artifact filename: C:\Users\jbrot\Documents\pocTesting\2019-11-09_23-18-41.728457\effective
[2019-11-09 23:18:41,734 DEBUG Engine.Configuration] Dumping YAML config into C:\Users\jbrot\Documents\pocTesting\2019-11-09_23-18-41.728457\effective.yml
[2019-11-09 23:18:41,750 DEBUG Engine.Configuration] Dumping JSON config into C:\Users\jbrot\Documents\pocTesting\2019-11-09_23-18-41.728457\effective.json
[2019-11-09 23:18:41,751 DEBUG Engine] New artifact filename: C:\Users\jbrot\Documents\pocTesting\2019-11-09_23-18-41.728457\merged.yml
[2019-11-09 23:18:41,753 DEBUG Engine.Configuration] Dumping YAML config into C:\Users\jbrot\Documents\pocTesting\2019-11-09_23-18-41.728457\merged.yml
[2019-11-09 23:18:41,755 DEBUG Engine] New artifact filename: C:\Users\jbrot\Documents\pocTesting\2019-11-09_23-18-41.728457\merged.json
[2019-11-09 23:18:41,756 DEBUG Engine.Configuration] Dumping JSON config into C:\Users\jbrot\Documents\pocTesting\2019-11-09_23-18-41.728457\merged.json
[2019-11-09 23:18:41,757 DEBUG Engine] Add existing artifact (move=False): Taurus_Example
[2019-11-09 23:18:41,757 DEBUG Engine] Copying Taurus_Example to C:\Users\jbrot\Documents\pocTesting\2019-11-09_23-18-41.728457\Taurus_Example
[2019-11-09 23:18:41,759 DEBUG root] Closing log handler: C:\Users\jbrot\AppData\Local\Temp\bzt_1h6sc7h_.log
[2019-11-09 23:18:41,761 DEBUG root] Switched writing logs to C:\Users\jbrot\Documents\pocTesting\2019-11-09_23-18-41.728457\bzt.log
[2019-11-09 23:18:41,761 DEBUG root] Linting config
[2019-11-09 23:18:41,762 WARNING root] at path 'execution': 'execution' should be a list
[2019-11-09 23:18:41,764 INFO Engine] Preparing...
[2019-11-09 23:18:41,767 DEBUG Engine] Module config: consolidator {'class': 'bzt.modules.aggregator.ConsolidatingAggregator'}
[2019-11-09 23:18:41,767 DEBUG root] Importing module: bzt.modules.aggregator
[2019-11-09 23:18:42,502 DEBUG urllib3.connectionpool] https://gettaurus.org:443 "GET /updates/?version=1.13.9&installID=windows-94659cd54aed HTTP/1.1" 200 40
[2019-11-09 23:18:42,503 DEBUG Engine] Taurus updates info: {'latest': '1.13.9', 'needsUpgrade': False}
[2019-11-09 23:18:42,503 DEBUG Engine] Installation is up-to-date
[2019-11-09 23:18:42,593 DEBUG root] Loading class: 'ConsolidatingAggregator' from <module 'bzt.modules.aggregator' from 'C:\\Users\\jbrot\\AppData\\Local\\Taurus\\pkgs\\bzt\\modules\\aggregator.py'>
[2019-11-09 23:18:42,593 DEBUG Engine.consolidator] Buffer scaling setup: percentile 95.0 from [0.0, 50.0, 90.0, 95.0, 99.0, 99.9, 100.0] selected
[2019-11-09 23:18:42,593 DEBUG Engine] Module config: monitoring {'class': 'bzt.modules.monitoring.Monitoring'}
[2019-11-09 23:18:42,594 DEBUG root] Importing module: bzt.modules.monitoring
[2019-11-09 23:18:42,603 DEBUG root] Loading class: 'Monitoring' from <module 'bzt.modules.monitoring' from 'C:\\Users\\jbrot\\AppData\\Local\\Taurus\\pkgs\\bzt\\modules\\monitoring.py'>
[2019-11-09 23:18:42,604 DEBUG Engine] Module config: local {'class': 'bzt.modules.provisioning.Local'}
[2019-11-09 23:18:42,604 DEBUG root] Importing module: bzt.modules.provisioning
[2019-11-09 23:18:42,604 DEBUG root] Loading class: 'Local' from <module 'bzt.modules.provisioning' from 'C:\\Users\\jbrot\\AppData\\Local\\Taurus\\pkgs\\bzt\\modules\\provisioning.py'>
[2019-11-09 23:18:42,604 DEBUG Engine] Module config: jmeter {'class': 'bzt.modules.jmeter.JMeterExecutor', 'protocol-handlers': {'http': 'bzt.jmx.http.HTTPProtocolHandler'}, 'plugins': ['jpgc-casutg', 'jpgc-dummy', 'jpgc-ffw', 'jpgc-fifo', 'jpgc-functions', 'jpgc-json', 'jpgc-perfmon', 'jpgc-prmctl', 'jpgc-tst'], 'properties': {'jmeter.save.saveservice.autoflush': 'true', 'jmeter.save.saveservice.connect_time': 'true', 'jmeterengine.force.system.exit': 'true', 'summariser.name': ''}}
[2019-11-09 23:18:42,604 DEBUG root] Importing module: bzt.modules.jmeter
[2019-11-09 23:18:42,618 DEBUG root] Loading class: 'JMeterExecutor' from <module 'bzt.modules.jmeter' from 'C:\\Users\\jbrot\\AppData\\Local\\Taurus\\pkgs\\bzt\\modules\\jmeter.py'>
[2019-11-09 23:18:42,618 DEBUG Engine.local] Preparing executor: jmeter/2211443462552
[2019-11-09 23:18:42,618 DEBUG Engine] New artifact filename: C:\Users\jbrot\Documents\pocTesting\2019-11-09_23-18-41.728457\jmeter.log
[2019-11-09 23:18:42,619 DEBUG Engine.jmeter] Checking if port 4445 is free
[2019-11-09 23:18:42,619 DEBUG Engine.jmeter] Port 4445 is free
[2019-11-09 23:18:42,619 DEBUG Engine.jmeter] Using port 4445 for management
[2019-11-09 23:18:42,619 DEBUG Engine] New artifact filename: C:\Users\jbrot\Documents\pocTesting\2019-11-09_23-18-41.728457\requests.jmx
[2019-11-09 23:18:42,620 DEBUG root] Importing module: bzt.jmx.http
[2019-11-09 23:18:42,621 DEBUG root] Loading class: 'HTTPProtocolHandler' from <module 'bzt.jmx.http' from 'C:\\Users\\jbrot\\AppData\\Local\\Taurus\\pkgs\\bzt\\jmx\\http.py'>
[2019-11-09 23:18:42,622 DEBUG JMeterScenarioBuilder] Saving JMX to: C:\Users\jbrot\Documents\pocTesting\2019-11-09_23-18-41.728457\requests.jmx
[2019-11-09 23:18:42,623 DEBUG Engine.jmeter] Additional system properties {'sun.net.inetaddr.ttl': 0}
[2019-11-09 23:18:42,623 DEBUG Engine] New artifact filename: C:\Users\jbrot\Documents\pocTesting\2019-11-09_23-18-41.728457\system.properties
[2019-11-09 23:18:42,625 DEBUG Engine.jmeter] Additional properties: {'jmeter.save.saveservice.autoflush': 'true', 'jmeter.save.saveservice.connect_time': 'true', 'jmeterengine.force.system.exit': 'true', 'summariser.name': '', 'jmeterengine.nongui.port': 4445, 'jmeterengine.nongui.maxport': 4445, 'jmeter.save.saveservice.timestamp_format': 'ms', 'sampleresult.default.encoding': 'UTF-8', 'user.classpath': 'C:/Users/jbrot/Documents/pocTesting/2019-11-09_23-18-41.728457;C:/Users/jbrot/Documents/pocTesting/2019-11-09_23-18-41.728457'}
[2019-11-09 23:18:42,625 DEBUG Engine] New artifact filename: C:\Users\jbrot\Documents\pocTesting\2019-11-09_23-18-41.728457\jmeter-bzt.properties
[2019-11-09 23:18:42,626 DEBUG Engine.jmeter.JavaVM] Trying JavaVM: ['java', '-version']
[2019-11-09 23:18:42,627 DEBUG root] Executing shell: ['java', '-version'] at .
[2019-11-09 23:18:42,736 DEBUG Engine.jmeter.JavaVM] JavaVM output: 
[2019-11-09 23:18:42,736 DEBUG Engine.jmeter.TclLibrary] Checking if TCL_LIBRARY variable is present in environment
[2019-11-09 23:18:42,736 DEBUG Engine.jmeter.TclLibrary] TCL_LIBRARY environment variable is present
[2019-11-09 23:18:42,736 INFO Engine.jmeter.JMeter] Will install JMeter into C:\Users\jbrot\.bzt\jmeter-taurus\5.1.1
[2019-11-09 23:18:42,738 DEBUG Engine.jmeter.JMeter.JMeterMirrorsManager] Retrieving mirrors from page: https://jmeter.apache.org/download_jmeter.cgi
[2019-11-09 23:18:42,740 DEBUG urllib3.connectionpool] Starting new HTTPS connection (1): jmeter.apache.org:443
[2019-11-09 23:18:43,111 DEBUG urllib3.connectionpool] https://jmeter.apache.org:443 "GET /download_jmeter.cgi HTTP/1.1" 200 3220
[2019-11-09 23:18:43,130 DEBUG Engine.jmeter.JMeter.JMeterMirrorsManager] Parsing mirrors...
[2019-11-09 23:18:43,131 DEBUG Engine.jmeter.JMeter.JMeterMirrorsManager] Total mirrors: 5
[2019-11-09 23:18:43,131 INFO Engine.jmeter.JMeter] Downloading: https://www-eu.apache.org/dist//jmeter/binaries/apache-jmeter-5.1.1.zip
[2019-11-09 23:18:43,134 DEBUG urllib3.connectionpool] Starting new HTTPS connection (1): www-eu.apache.org:443
[2019-11-09 23:18:43,505 DEBUG urllib3.connectionpool] https://www-eu.apache.org:443 "GET /dist//jmeter/binaries/apache-jmeter-5.1.1.zip HTTP/1.1" 404 196
[2019-11-09 23:18:43,506 DEBUG HTTPClient] File download resulted in exception: Traceback (most recent call last):
  File "C:\Users\jbrot\AppData\Local\Taurus\pkgs\bzt\utils.py", line 1168, in download_file
    self._save_file_from_connection(conn, filename, reporthook=reporthook)
  File "C:\Users\jbrot\AppData\Local\Taurus\pkgs\bzt\utils.py", line 1152, in _save_file_from_connection
    raise TaurusNetworkError("Connection failed, status code %s" % conn.status_code)
bzt.TaurusNetworkError: Connection failed, status code 404

[2019-11-09 23:18:43,507 ERROR Engine.jmeter.JMeter] Error while downloading https://www-eu.apache.org/dist//jmeter/binaries/apache-jmeter-5.1.1.zip: Unsuccessful download from https://www-eu.apache.org/dist//jmeter/binaries/apache-jmeter-5.1.1.zip
[2019-11-09 23:18:43,512 INFO Engine.jmeter.JMeter] Downloading: https://www-us.apache.org/dist//jmeter/binaries/apache-jmeter-5.1.1.zip
[2019-11-09 23:18:43,516 DEBUG urllib3.connectionpool] Starting new HTTPS connection (1): www-us.apache.org:443
[2019-11-09 23:18:44,022 DEBUG urllib3.connectionpool] https://www-us.apache.org:443 "GET /dist//jmeter/binaries/apache-jmeter-5.1.1.zip HTTP/1.1" 404 196
[2019-11-09 23:18:44,023 DEBUG HTTPClient] File download resulted in exception: Traceback (most recent call last):
  File "C:\Users\jbrot\AppData\Local\Taurus\pkgs\bzt\utils.py", line 1168, in download_file
    self._save_file_from_connection(conn, filename, reporthook=reporthook)
  File "C:\Users\jbrot\AppData\Local\Taurus\pkgs\bzt\utils.py", line 1152, in _save_file_from_connection
    raise TaurusNetworkError("Connection failed, status code %s" % conn.status_code)
bzt.TaurusNetworkError: Connection failed, status code 404

[2019-11-09 23:18:44,024 ERROR Engine.jmeter.JMeter] Error while downloading https://www-us.apache.org/dist//jmeter/binaries/apache-jmeter-5.1.1.zip: Unsuccessful download from https://www-us.apache.org/dist//jmeter/binaries/apache-jmeter-5.1.1.zip
[2019-11-09 23:18:44,028 INFO Engine.jmeter.JMeter] Downloading: https://archive.apache.org/dist/jmeter/binaries/apache-jmeter-5.1.1.zip
[2019-11-09 23:18:44,036 DEBUG urllib3.connectionpool] Starting new HTTPS connection (1): archive.apache.org:443
[2019-11-09 23:18:44,206 DEBUG urllib3.connectionpool] https://archive.apache.org:443 "GET /dist/jmeter/binaries/apache-jmeter-5.1.1.zip HTTP/1.1" 200 59684716
[2019-11-09 23:18:47,208 DEBUG HTTPClient] File download resulted in exception: Traceback (most recent call last):
  File "C:\Users\jbrot\AppData\Local\Taurus\pkgs\bzt\utils.py", line 1168, in download_file
    self._save_file_from_connection(conn, filename, reporthook=reporthook)
  File "C:\Users\jbrot\AppData\Local\Taurus\pkgs\bzt\utils.py", line 1162, in _save_file_from_connection
    reporthook(count, block_size, total)
  File "C:\Users\jbrot\AppData\Local\Taurus\pkgs\bzt\utils.py", line 1359, in download_callback
    self.update(progress if progress <= totalsize else totalsize)
  File "C:\Users\jbrot\AppData\Local\Taurus\pkgs\bzt\utils.py", line 1348, in update
    super(ProgressBarContext, self).update(value)
  File "C:\Users\jbrot\AppData\Local\Taurus\pkgs\progressbar\progressbar.py", line 264, in update
    self.fd.write(self._format_line() + '\r')
  File "C:\Users\jbrot\AppData\Local\Taurus\pkgs\colorama\ansitowin32.py", line 41, in write
    self.__convertor.write(text)
  File "C:\Users\jbrot\AppData\Local\Taurus\pkgs\colorama\ansitowin32.py", line 162, in write
    self.write_and_convert(text)
  File "C:\Users\jbrot\AppData\Local\Taurus\pkgs\colorama\ansitowin32.py", line 190, in write_and_convert
    self.write_plain_text(text, cursor, len(text))
  File "C:\Users\jbrot\AppData\Local\Taurus\pkgs\colorama\ansitowin32.py", line 195, in write_plain_text
    self.wrapped.write(text[start:end])
KeyboardInterrupt

[2019-11-09 23:18:47,210 ERROR Engine.jmeter.JMeter] Error while downloading https://archive.apache.org/dist/jmeter/binaries/apache-jmeter-5.1.1.zip: Unsuccessful download from https://archive.apache.org/dist/jmeter/binaries/apache-jmeter-5.1.1.zip
[2019-11-09 23:18:47,213 INFO Engine.jmeter.JMeter] Downloading: http://apache.uvigo.es//jmeter/binaries/apache-jmeter-5.1.1.zip
[2019-11-09 23:18:47,218 DEBUG urllib3.connectionpool] Starting new HTTP connection (1): apache.uvigo.es:80
[2019-11-09 23:18:47,304 DEBUG urllib3.connectionpool] http://apache.uvigo.es:80 "GET //jmeter/binaries/apache-jmeter-5.1.1.zip HTTP/1.1" 404 237
[2019-11-09 23:18:47,305 DEBUG HTTPClient] File download resulted in exception: Traceback (most recent call last):
  File "C:\Users\jbrot\AppData\Local\Taurus\pkgs\bzt\utils.py", line 1168, in download_file
    self._save_file_from_connection(conn, filename, reporthook=reporthook)
  File "C:\Users\jbrot\AppData\Local\Taurus\pkgs\bzt\utils.py", line 1152, in _save_file_from_connection
    raise TaurusNetworkError("Connection failed, status code %s" % conn.status_code)
bzt.TaurusNetworkError: Connection failed, status code 404

[2019-11-09 23:18:47,305 ERROR Engine.jmeter.JMeter] Error while downloading http://apache.uvigo.es//jmeter/binaries/apache-jmeter-5.1.1.zip: Unsuccessful download from http://apache.uvigo.es//jmeter/binaries/apache-jmeter-5.1.1.zip
[2019-11-09 23:18:47,309 INFO Engine.jmeter.JMeter] Downloading: http://ftp.cixug.es/apache//jmeter/binaries/apache-jmeter-5.1.1.zip
[2019-11-09 23:18:47,314 DEBUG urllib3.connectionpool] Starting new HTTP connection (1): ftp.cixug.es:80
[2019-11-09 23:18:47,430 DEBUG urllib3.connectionpool] http://ftp.cixug.es:80 "GET /apache//jmeter/binaries/apache-jmeter-5.1.1.zip HTTP/1.1" 404 307
[2019-11-09 23:18:47,430 DEBUG HTTPClient] File download resulted in exception: Traceback (most recent call last):
  File "C:\Users\jbrot\AppData\Local\Taurus\pkgs\bzt\utils.py", line 1168, in download_file
    self._save_file_from_connection(conn, filename, reporthook=reporthook)
  File "C:\Users\jbrot\AppData\Local\Taurus\pkgs\bzt\utils.py", line 1152, in _save_file_from_connection
    raise TaurusNetworkError("Connection failed, status code %s" % conn.status_code)
bzt.TaurusNetworkError: Connection failed, status code 404

[2019-11-09 23:18:47,431 ERROR Engine.jmeter.JMeter] Error while downloading http://ftp.cixug.es/apache//jmeter/binaries/apache-jmeter-5.1.1.zip: Unsuccessful download from http://ftp.cixug.es/apache//jmeter/binaries/apache-jmeter-5.1.1.zip
[2019-11-09 23:18:47,436 ERROR root] Internal Error: JMeter download failed: No more links to try
[2019-11-09 23:18:47,441 DEBUG root] TaurusInternalException: JMeter download failed: No more links to try
  File "C:\Users\jbrot\AppData\Local\Taurus\pkgs\bzt\cli.py", line 258, in perform
    self.engine.prepare()
  File "C:\Users\jbrot\AppData\Local\Taurus\pkgs\bzt\engine\engine.py", line 195, in prepare
    self.__prepare_provisioning()
  File "C:\Users\jbrot\AppData\Local\Taurus\pkgs\bzt\engine\engine.py", line 592, in __prepare_provisioning
    self.provisioning.prepare()
  File "C:\Users\jbrot\AppData\Local\Taurus\pkgs\bzt\modules\provisioning.py", line 73, in prepare
    executor.prepare()
  File "C:\Users\jbrot\AppData\Local\Taurus\pkgs\bzt\modules\jmeter.py", line 232, in prepare
    self.install_required_tools()
  File "C:\Users\jbrot\AppData\Local\Taurus\pkgs\bzt\modules\jmeter.py", line 785, in install_required_tools
    tool.install()
  File "C:\Users\jbrot\AppData\Local\Taurus\pkgs\bzt\modules\jmeter.py", line 1533, in install
    self.__install_jmeter(dest)
  File "C:\Users\jbrot\AppData\Local\Taurus\pkgs\bzt\modules\jmeter.py", line 1461, in __install_jmeter
    jmeter_dist = self._download()
  File "C:\Users\jbrot\AppData\Local\Taurus\pkgs\bzt\utils.py", line 1302, in _download
    raise TaurusInternalException("%s download failed: No more links to try" % self.tool_name)
[2019-11-09 23:18:47,441 INFO Engine] Post-processing...
[2019-11-09 23:18:47,442 DEBUG Engine.local] Post-process jmeter/Demo
[2019-11-09 23:18:47,442 DEBUG Engine] Add existing artifact (move=True): None
[2019-11-09 23:18:47,442 DEBUG Engine.local] Exception in post_process of JMeterExecutor: expected str, bytes or os.PathLike object, not NoneType Traceback (most recent call last):
  File "C:\Users\jbrot\AppData\Local\Taurus\pkgs\bzt\modules\provisioning.py", line 160, in post_process
    executor.post_process()
  File "C:\Users\jbrot\AppData\Local\Taurus\pkgs\bzt\modules\jmeter.py", line 387, in post_process
    self.engine.existing_artifact(self.modified_jmx, True)
  File "C:\Users\jbrot\AppData\Local\Taurus\pkgs\bzt\engine\engine.py", line 367, in existing_artifact
    new_filename = os.path.basename(filename) if target_filename is None else target_filename
  File "ntpath.py", line 236, in basename
  File "ntpath.py", line 205, in split
TypeError: expected str, bytes or os.PathLike object, not NoneType

[2019-11-09 23:18:47,443 DEBUG Engine] post_process: expected str, bytes or os.PathLike object, not NoneType
Traceback (most recent call last):
  File "C:\Users\jbrot\AppData\Local\Taurus\pkgs\bzt\engine\engine.py", line 319, in post_process
    module.post_process()
  File "C:\Users\jbrot\AppData\Local\Taurus\pkgs\bzt\modules\provisioning.py", line 177, in post_process
    reraise(exc_info, exc_value)
  File "C:\Users\jbrot\AppData\Local\Taurus\pkgs\bzt\six\py3.py", line 86, in reraise
    raise exc
  File "C:\Users\jbrot\AppData\Local\Taurus\pkgs\bzt\modules\provisioning.py", line 160, in post_process
    executor.post_process()
  File "C:\Users\jbrot\AppData\Local\Taurus\pkgs\bzt\modules\jmeter.py", line 387, in post_process
    self.engine.existing_artifact(self.modified_jmx, True)
  File "C:\Users\jbrot\AppData\Local\Taurus\pkgs\bzt\engine\engine.py", line 367, in existing_artifact
    new_filename = os.path.basename(filename) if target_filename is None else target_filename
  File "ntpath.py", line 236, in basename
  File "ntpath.py", line 205, in split
TypeError: expected str, bytes or os.PathLike object, not NoneType

[2019-11-09 23:18:47,443 DEBUG Engine.consolidator] Consolidator buffer[0]: dict_keys([])
[2019-11-09 23:18:47,445 DEBUG Engine.Configuration] Dumping YAML config into C:\Users\jbrot\Documents\pocTesting\2019-11-09_23-18-41.728457\effective.yml
[2019-11-09 23:18:47,461 DEBUG Engine.Configuration] Dumping JSON config into C:\Users\jbrot\Documents\pocTesting\2019-11-09_23-18-41.728457\effective.json
[2019-11-09 23:18:47,463 DEBUG root] TypeError: expected str, bytes or os.PathLike object, not NoneType
  File "C:\Users\jbrot\AppData\Local\Taurus\pkgs\bzt\cli.py", line 266, in perform
    self.engine.post_process()
  File "C:\Users\jbrot\AppData\Local\Taurus\pkgs\bzt\engine\engine.py", line 333, in post_process
    reraise(exc_info, exc_value)
  File "C:\Users\jbrot\AppData\Local\Taurus\pkgs\bzt\six\py3.py", line 86, in reraise
    raise exc
  File "C:\Users\jbrot\AppData\Local\Taurus\pkgs\bzt\engine\engine.py", line 319, in post_process
    module.post_process()
  File "C:\Users\jbrot\AppData\Local\Taurus\pkgs\bzt\modules\provisioning.py", line 177, in post_process
    reraise(exc_info, exc_value)
  File "C:\Users\jbrot\AppData\Local\Taurus\pkgs\bzt\six\py3.py", line 86, in reraise
    raise exc
  File "C:\Users\jbrot\AppData\Local\Taurus\pkgs\bzt\modules\provisioning.py", line 160, in post_process
    executor.post_process()
  File "C:\Users\jbrot\AppData\Local\Taurus\pkgs\bzt\modules\jmeter.py", line 387, in post_process
    self.engine.existing_artifact(self.modified_jmx, True)
  File "C:\Users\jbrot\AppData\Local\Taurus\pkgs\bzt\engine\engine.py", line 367, in existing_artifact
    new_filename = os.path.basename(filename) if target_filename is None else target_filename
  File "ntpath.py", line 236, in basename
  File "ntpath.py", line 205, in split
[2019-11-09 23:18:47,463 INFO root] Artifacts dir: C:\Users\jbrot\Documents\pocTesting\2019-11-09_23-18-41.728457
[2019-11-09 23:18:47,464 WARNING root] Done performing with code: 1
[2019-11-09 23:18:47,465 DEBUG root] Closing log handler: C:\Users\jbrot\Documents\pocTesting\2019-11-09_23-18-41.728457\bzt.log
